<?xml version="1.0" encoding="UTF-8"?>
<!-- Generated by org.testng.reporters.JUnitXMLReporter -->
<testsuite ignored="0" hostname="DESKTOP-A39ON9M" failures="0" tests="4" name="Default test" time="178.579" errors="0" timestamp="2022-06-12T16:54:08 IST">
  <testcase classname="com.ReviewTest.testCases.MovieReviewTest" name="ImdbSearchTest" time="81.465"/>
  <testcase classname="com.ReviewTest.testCases.MovieReviewTest" name="verifyImdbMovieReviewDetails" time="21.474"/>
  <testcase classname="com.ReviewTest.testCases.MovieReviewTest" name="testingWikiReviewDetails" time="23.543"/>
  <testcase classname="com.ReviewTest.testCases.MovieReviewTest" name="verifyReleaseDateOnIMDBAndWiki" time="0.004"/>
</testsuite> <!-- Default test -->
