<?xml version="1.0" encoding="UTF-8"?>
<testsuite xmlns:xsi="http://www.w3.org/2001/XMLSchema-instance" xsi:noNamespaceSchemaLocation="https://maven.apache.org/surefire/maven-surefire-plugin/xsd/surefire-test-report.xsd" name="TestSuite" time="145.875" tests="4" errors="0" skipped="0" failures="0">
  <properties>
[...]
</properties>
  <testcase name="ImdbSearchTest" classname="com.ReviewTest.testCases.MovieReviewTest" time="42.931"/>
  <testcase name="verifyImdbMovieReviewDetails" classname="com.ReviewTest.testCases.MovieReviewTest" time="35.765"/>
  <testcase name="testingWikiReviewDetails" classname="com.ReviewTest.testCases.MovieReviewTest" time="39.002"/>
  <testcase name="verifyReleaseDateOnIMDBAndWiki" classname="com.ReviewTest.testCases.MovieReviewTest" time="0.002"/>
</testsuite>