<?xml version="1.0" encoding="UTF-8"?>
<testng-results ignored="0" total="4" passed="4" failed="0" skipped="0">
  <reporter-output>
  </reporter-output>
  <suite started-at="2022-06-12T16:51:09 IST" name="Default suite" finished-at="2022-06-12T16:54:08 IST" duration-ms="178579">
    <groups>
    </groups>
    <test started-at="2022-06-12T16:51:09 IST" name="Default test" finished-at="2022-06-12T16:54:08 IST" duration-ms="178579">
      <class name="com.ReviewTest.testCases.MovieReviewTest">
        <test-method is-config="true" signature="setup()[pri:0, instance:com.ReviewTest.testCases.MovieReviewTest@9f116cc]" started-at="2022-06-12T16:51:09 IST" name="setup" finished-at="2022-06-12T16:51:59 IST" duration-ms="49460" status="PASS">
          <reporter-output>
          </reporter-output>
        </test-method> <!-- setup -->
        <test-method signature="ImdbSearchTest()[pri:0, instance:com.ReviewTest.testCases.MovieReviewTest@9f116cc]" started-at="2022-06-12T16:51:59 IST" name="ImdbSearchTest" finished-at="2022-06-12T16:53:20 IST" duration-ms="81465" status="PASS">
          <reporter-output>
          </reporter-output>
        </test-method> <!-- ImdbSearchTest -->
        <test-method signature="verifyImdbMovieReviewDetails()[pri:0, instance:com.ReviewTest.testCases.MovieReviewTest@9f116cc]" started-at="2022-06-12T16:53:20 IST" name="verifyImdbMovieReviewDetails" finished-at="2022-06-12T16:53:42 IST" duration-ms="21474" status="PASS">
          <reporter-output>
          </reporter-output>
        </test-method> <!-- verifyImdbMovieReviewDetails -->
        <test-method signature="testingWikiReviewDetails()[pri:0, instance:com.ReviewTest.testCases.MovieReviewTest@9f116cc]" started-at="2022-06-12T16:53:42 IST" name="testingWikiReviewDetails" finished-at="2022-06-12T16:54:05 IST" depends-on-methods="com.ReviewTest.testCases.MovieReviewTest.verifyImdbMovieReviewDetails" duration-ms="23543" status="PASS">
          <reporter-output>
          </reporter-output>
        </test-method> <!-- testingWikiReviewDetails -->
        <test-method signature="verifyReleaseDateOnIMDBAndWiki()[pri:0, instance:com.ReviewTest.testCases.MovieReviewTest@9f116cc]" started-at="2022-06-12T16:54:05 IST" name="verifyReleaseDateOnIMDBAndWiki" finished-at="2022-06-12T16:54:05 IST" depends-on-methods="com.ReviewTest.testCases.MovieReviewTest.testingWikiReviewDetails" duration-ms="4" status="PASS">
          <reporter-output>
          </reporter-output>
        </test-method> <!-- verifyReleaseDateOnIMDBAndWiki -->
        <test-method is-config="true" signature="tearDown()[pri:0, instance:com.ReviewTest.testCases.MovieReviewTest@9f116cc]" started-at="2022-06-12T16:54:05 IST" name="tearDown" finished-at="2022-06-12T16:54:08 IST" duration-ms="2317" status="PASS">
          <reporter-output>
          </reporter-output>
        </test-method> <!-- tearDown -->
      </class> <!-- com.ReviewTest.testCases.MovieReviewTest -->
    </test> <!-- Default test -->
  </suite> <!-- Default suite -->
</testng-results>
