<?xml version="1.0" encoding="UTF-8"?>
<!-- Generated by org.testng.reporters.JUnitXMLReporter -->
<testsuite ignored="0" hostname="DESKTOP-A39ON9M" failures="0" tests="4" name="MovieReview Test" time="144.527" errors="0" timestamp="2022-06-12T23:39:08 IST">
  <testcase classname="com.ReviewTest.testCases.MovieReviewTest" name="ImdbSearchTest" time="42.929"/>
  <testcase classname="com.ReviewTest.testCases.MovieReviewTest" name="verifyImdbMovieReviewDetails" time="35.766"/>
  <testcase classname="com.ReviewTest.testCases.MovieReviewTest" name="testingWikiReviewDetails" time="39.0"/>
  <testcase classname="com.ReviewTest.testCases.MovieReviewTest" name="verifyReleaseDateOnIMDBAndWiki" time="0.003"/>
</testsuite> <!-- MovieReview Test -->
